<?xml version="1.0" encoding="UTF-8"?>
<!-- Generated by org.testng.reporters.JUnitReportReporter -->
<testsuite hostname="LTIN292891" failures="0" tests="1" name="test.day2" time="0.002" errors="0" timestamp="2021-06-10T18:13:50 IST" skipped="0">
  <testcase classname="test.day2" name="ploan" time="0.002"/>
  <system-out/>
</testsuite> <!-- test.day2 -->
